This is pdfTeX, Version 3.1415926-2.5-1.40.14 (TeX Live 2013/Debian) (format=pdflatex 2015.11.16)  20 OCT 2016 05:04
entering extended mode
 restricted \write18 enabled.
 %&-line parsing enabled.
**plasma_blackout.tex
(./plasma_blackout.tex
LaTeX2e <2011/06/27>
Babel <3.9h> and hyphenation patterns for 78 languages loaded.
(/usr/share/texlive/texmf-dist/tex/latex/base/article.cls
Document Class: article 2007/10/19 v1.4h Standard LaTeX document class
(/usr/share/texlive/texmf-dist/tex/latex/base/size10.clo
File: size10.clo 2007/10/19 v1.4h Standard LaTeX file (size option)
)
\c@part=\count79
\c@section=\count80
\c@subsection=\count81
\c@subsubsection=\count82
\c@paragraph=\count83
\c@subparagraph=\count84
\c@figure=\count85
\c@table=\count86
\abovecaptionskip=\skip41
\belowcaptionskip=\skip42
\bibindent=\dimen102
)
(/usr/share/texlive/texmf-dist/tex/latex/amsmath/amsmath.sty
Package: amsmath 2013/01/14 v2.14 AMS math features
\@mathmargin=\skip43

For additional information on amsmath, use the `?' option.
(/usr/share/texlive/texmf-dist/tex/latex/amsmath/amstext.sty
Package: amstext 2000/06/29 v2.01

(/usr/share/texlive/texmf-dist/tex/latex/amsmath/amsgen.sty
File: amsgen.sty 1999/11/30 v2.0
\@emptytoks=\toks14
\ex@=\dimen103
))
(/usr/share/texlive/texmf-dist/tex/latex/amsmath/amsbsy.sty
Package: amsbsy 1999/11/29 v1.2d
\pmbraise@=\dimen104
)
(/usr/share/texlive/texmf-dist/tex/latex/amsmath/amsopn.sty
Package: amsopn 1999/12/14 v2.01 operator names
)
\inf@bad=\count87
LaTeX Info: Redefining \frac on input line 210.
\uproot@=\count88
\leftroot@=\count89
LaTeX Info: Redefining \overline on input line 306.
\classnum@=\count90
\DOTSCASE@=\count91
LaTeX Info: Redefining \ldots on input line 378.
LaTeX Info: Redefining \dots on input line 381.
LaTeX Info: Redefining \cdots on input line 466.
\Mathstrutbox@=\box26
\strutbox@=\box27
\big@size=\dimen105
LaTeX Font Info:    Redeclaring font encoding OML on input line 566.
LaTeX Font Info:    Redeclaring font encoding OMS on input line 567.
\macc@depth=\count92
\c@MaxMatrixCols=\count93
\dotsspace@=\muskip10
\c@parentequation=\count94
\dspbrk@lvl=\count95
\tag@help=\toks15
\row@=\count96
\column@=\count97
\maxfields@=\count98
\andhelp@=\toks16
\eqnshift@=\dimen106
\alignsep@=\dimen107
\tagshift@=\dimen108
\tagwidth@=\dimen109
\totwidth@=\dimen110
\lineht@=\dimen111
\@envbody=\toks17
\multlinegap=\skip44
\multlinetaggap=\skip45
\mathdisplay@stack=\toks18
LaTeX Info: Redefining \[ on input line 2665.
LaTeX Info: Redefining \] on input line 2666.
)
(/usr/share/texlive/texmf-dist/tex/latex/float/float.sty
Package: float 2001/11/08 v1.3d Float enhancements (AL)
\c@float@type=\count99
\float@exts=\toks19
\float@box=\box28
\@float@everytoks=\toks20
\@floatcapt=\box29
)
(/usr/share/texlive/texmf-dist/tex/latex/graphics/graphicx.sty
Package: graphicx 1999/02/16 v1.0f Enhanced LaTeX Graphics (DPC,SPQR)

(/usr/share/texlive/texmf-dist/tex/latex/graphics/keyval.sty
Package: keyval 1999/03/16 v1.13 key=value parser (DPC)
\KV@toks@=\toks21
)
(/usr/share/texlive/texmf-dist/tex/latex/graphics/graphics.sty
Package: graphics 2009/02/05 v1.0o Standard LaTeX Graphics (DPC,SPQR)

(/usr/share/texlive/texmf-dist/tex/latex/graphics/trig.sty
Package: trig 1999/03/16 v1.09 sin cos tan (DPC)
)
(/usr/share/texlive/texmf-dist/tex/latex/latexconfig/graphics.cfg
File: graphics.cfg 2010/04/23 v1.9 graphics configuration of TeX Live
)
Package graphics Info: Driver file: pdftex.def on input line 91.

(/usr/share/texlive/texmf-dist/tex/latex/pdftex-def/pdftex.def
File: pdftex.def 2011/05/27 v0.06d Graphics/color for pdfTeX

(/usr/share/texlive/texmf-dist/tex/generic/oberdiek/infwarerr.sty
Package: infwarerr 2010/04/08 v1.3 Providing info/warning/error messages (HO)
)
(/usr/share/texlive/texmf-dist/tex/generic/oberdiek/ltxcmds.sty
Package: ltxcmds 2011/11/09 v1.22 LaTeX kernel commands for general use (HO)
)
\Gread@gobject=\count100
))
\Gin@req@height=\dimen112
\Gin@req@width=\dimen113
)
(/usr/share/texlive/texmf-dist/tex/latex/caption/caption.sty
Package: caption 2013/05/02 v3.3-89 Customizing captions (AR)

(/usr/share/texlive/texmf-dist/tex/latex/caption/caption3.sty
Package: caption3 2013/05/02 v1.6-88 caption3 kernel (AR)
Package caption3 Info: TeX engine: e-TeX on input line 57.
\captionmargin=\dimen114
\captionmargin@=\dimen115
\captionwidth=\dimen116
\caption@tempdima=\dimen117
\caption@indent=\dimen118
\caption@parindent=\dimen119
\caption@hangindent=\dimen120
)
\c@ContinuedFloat=\count101
Package caption Info: float package is loaded.
)
(/usr/share/texlive/texmf-dist/tex/latex/caption/subcaption.sty
Package: subcaption 2013/02/03 v1.1-62 Sub-captions (AR)
\c@subfigure=\count102
\c@subtable=\count103
)
(./plasma_blackout.aux

LaTeX Warning: Label `subfig:Stokes2' multiply defined.

)
\openout1 = `plasma_blackout.aux'.

LaTeX Font Info:    Checking defaults for OML/cmm/m/it on input line 15.
LaTeX Font Info:    ... okay on input line 15.
LaTeX Font Info:    Checking defaults for T1/cmr/m/n on input line 15.
LaTeX Font Info:    ... okay on input line 15.
LaTeX Font Info:    Checking defaults for OT1/cmr/m/n on input line 15.
LaTeX Font Info:    ... okay on input line 15.
LaTeX Font Info:    Checking defaults for OMS/cmsy/m/n on input line 15.
LaTeX Font Info:    ... okay on input line 15.
LaTeX Font Info:    Checking defaults for OMX/cmex/m/n on input line 15.
LaTeX Font Info:    ... okay on input line 15.
LaTeX Font Info:    Checking defaults for U/cmr/m/n on input line 15.
LaTeX Font Info:    ... okay on input line 15.
 (/usr/share/texlive/texmf-dist/tex/context/base/supp-pdf.mkii
[Loading MPS to PDF converter (version 2006.09.02).]
\scratchcounter=\count104
\scratchdimen=\dimen121
\scratchbox=\box30
\nofMPsegments=\count105
\nofMParguments=\count106
\everyMPshowfont=\toks22
\MPscratchCnt=\count107
\MPscratchDim=\dimen122
\MPnumerator=\count108
\makeMPintoPDFobject=\count109
\everyMPtoPDFconversion=\toks23
) (/usr/share/texlive/texmf-dist/tex/generic/oberdiek/pdftexcmds.sty
Package: pdftexcmds 2011/11/29 v0.20 Utility functions of pdfTeX for LuaTeX (HO
)

(/usr/share/texlive/texmf-dist/tex/generic/oberdiek/ifluatex.sty
Package: ifluatex 2010/03/01 v1.3 Provides the ifluatex switch (HO)
Package ifluatex Info: LuaTeX not detected.
)
(/usr/share/texlive/texmf-dist/tex/generic/oberdiek/ifpdf.sty
Package: ifpdf 2011/01/30 v2.3 Provides the ifpdf switch (HO)
Package ifpdf Info: pdfTeX in PDF mode is detected.
)
Package pdftexcmds Info: LuaTeX not detected.
Package pdftexcmds Info: \pdf@primitive is available.
Package pdftexcmds Info: \pdf@ifprimitive is available.
Package pdftexcmds Info: \pdfdraftmode found.
)
(/usr/share/texlive/texmf-dist/tex/latex/oberdiek/epstopdf-base.sty
Package: epstopdf-base 2010/02/09 v2.5 Base part for package epstopdf

(/usr/share/texlive/texmf-dist/tex/latex/oberdiek/grfext.sty
Package: grfext 2010/08/19 v1.1 Manage graphics extensions (HO)

(/usr/share/texlive/texmf-dist/tex/generic/oberdiek/kvdefinekeys.sty
Package: kvdefinekeys 2011/04/07 v1.3 Define keys (HO)
))
(/usr/share/texlive/texmf-dist/tex/latex/oberdiek/kvoptions.sty
Package: kvoptions 2011/06/30 v3.11 Key value format for package options (HO)

(/usr/share/texlive/texmf-dist/tex/generic/oberdiek/kvsetkeys.sty
Package: kvsetkeys 2012/04/25 v1.16 Key value parser (HO)

(/usr/share/texlive/texmf-dist/tex/generic/oberdiek/etexcmds.sty
Package: etexcmds 2011/02/16 v1.5 Avoid name clashes with e-TeX commands (HO)
Package etexcmds Info: Could not find \expanded.
(etexcmds)             That can mean that you are not using pdfTeX 1.50 or
(etexcmds)             that some package has redefined \expanded.
(etexcmds)             In the latter case, load this package earlier.
)))
Package grfext Info: Graphics extension search list:
(grfext)             [.png,.pdf,.jpg,.mps,.jpeg,.jbig2,.jb2,.PNG,.PDF,.JPG,.JPE
G,.JBIG2,.JB2,.eps]
(grfext)             \AppendGraphicsExtensions on input line 452.

(/usr/share/texlive/texmf-dist/tex/latex/latexconfig/epstopdf-sys.cfg
File: epstopdf-sys.cfg 2010/07/13 v1.3 Configuration of (r)epstopdf for TeX Liv
e
))
Package caption Info: Begin \AtBeginDocument code.
Package caption Info: End \AtBeginDocument code.

Underfull \vbox (badness 2103) has occurred while \output is active []

 [1{/var/lib/texmf/fonts/map/pdftex/updmap/pdftex.map}


]
<Images/RAMC_BlackoutProfile.png, id=13, 1081.03876pt x 693.59125pt>
File: Images/RAMC_BlackoutProfile.png Graphic file (type png)

<use Images/RAMC_BlackoutProfile.png>
Package pdftex.def Info: Images/RAMC_BlackoutProfile.png used on input line 54.

(pdftex.def)             Requested size: 234.5pt x 150.45271pt.

Overfull \hbox (5.0pt too wide) in paragraph at lines 54--55
 [][] 
 []


Underfull \hbox (badness 1436) in paragraph at lines 63--63
[]\OT1/cmr/bx/n/14.4 Plasma Sheaths of Hy-per-
 []

LaTeX Font Info:    Try loading font information for OMS+cmr on input line 65.
(/usr/share/texlive/texmf-dist/tex/latex/base/omscmr.fd
File: omscmr.fd 1999/05/25 v2.5h Standard LaTeX font definitions
)
LaTeX Font Info:    Font shape `OMS/cmr/m/n' in size <10> not available
(Font)              Font shape `OMS/cmsy/m/n' tried instead on input line 65.

<Images/Shadowgraphs.jpg, id=14, 572.1375pt x 200.75pt>
File: Images/Shadowgraphs.jpg Graphic file (type jpg)

<use Images/Shadowgraphs.jpg>
Package pdftex.def Info: Images/Shadowgraphs.jpg used on input line 73.
(pdftex.def)             Requested size: 234.5pt x 82.28046pt.

Overfull \hbox (5.0pt too wide) in paragraph at lines 73--74
 [][] 
 []

<Images/BluntBody.png, id=15, 550.055pt x 522.95375pt>
File: Images/BluntBody.png Graphic file (type png)

<use Images/BluntBody.png>
Package pdftex.def Info: Images/BluntBody.png used on input line 81.
(pdftex.def)             Requested size: 187.60071pt x 178.35251pt.

<Images/SlenderBody.png, id=16, 696.6025pt x 479.7925pt>
File: Images/SlenderBody.png Graphic file (type png)

<use Images/SlenderBody.png>
Package pdftex.def Info: Images/SlenderBody.png used on input line 87.
(pdftex.def)             Requested size: 187.60071pt x 129.20892pt.

<Images/RAMC_FlowField.png, id=17, 930.47626pt x 678.535pt>
File: Images/RAMC_FlowField.png Graphic file (type png)

<use Images/RAMC_FlowField.png>
Package pdftex.def Info: Images/RAMC_FlowField.png used on input line 97.
(pdftex.def)             Requested size: 234.5pt x 171.0pt.

Overfull \hbox (5.0pt too wide) in paragraph at lines 97--98
 [][] 
 []

LaTeX Font Info:    Font shape `OMS/cmr/bx/n' in size <10> not available
(Font)              Font shape `OMS/cmsy/b/n' tried instead on input line 98.
[2 <./Images/RAMC_BlackoutProfile.png> <./Images/Shadowgraphs.jpg> <./Images/RA
MC_FlowField.png>]
Underfull \hbox (badness 10000) in paragraph at lines 115--115
[]\OT1/cmr/bx/n/12 Properties of Hy-per-sonic Plasma
 []

[3 <./Images/BluntBody.png> <./Images/SlenderBody.png>]
<Images/PlasmaDensity_Keideretal.png, id=31, 639.13782pt x 478.78876pt>
File: Images/PlasmaDensity_Keideretal.png Graphic file (type png)

<use Images/PlasmaDensity_Keideretal.png>
Package pdftex.def Info: Images/PlasmaDensity_Keideretal.png used on input line
 157.
(pdftex.def)             Requested size: 234.5pt x 175.666pt.

Overfull \hbox (5.0pt too wide) in paragraph at lines 157--158
 [][] 
 []


LaTeX Warning: `h' float specifier changed to `ht'.

[4] [5 <./Images/PlasmaDensity_Keideretal.png>]
Underfull \hbox (badness 3977) in paragraph at lines 262--263
[]\OT1/cmr/m/n/10 Substituting the plane wave so-lu-tion $\OT1/cmr/bx/n/10 E \O
T1/cmr/m/n/10 =
 []

[6] [7]

LaTeX Warning: Reference `sec:Solutions' on page 8 undefined on input line 463.


[8]
Missing character: There is no ‚ in font cmr10!
Missing character: There is no Ä in font cmr10!
Missing character: There is no ã in font cmr10!

Underfull \vbox (badness 10000) has occurred while \output is active []


<Images/intro-atmospheric.png, id=51, 963.6pt x 722.7pt>
File: Images/intro-atmospheric.png Graphic file (type png)

<use Images/intro-atmospheric.png>
Package pdftex.def Info: Images/intro-atmospheric.png used on input line 506.
(pdftex.def)             Requested size: 211.04857pt x 158.2777pt.

Underfull \vbox (badness 10000) has occurred while \output is active []

 [9]
<Images/RAMC_LangmuirWaterFlow.png, id=56, 612.2875pt x 694.595pt>
File: Images/RAMC_LangmuirWaterFlow.png Graphic file (type png)

<use Images/RAMC_LangmuirWaterFlow.png>
Package pdftex.def Info: Images/RAMC_LangmuirWaterFlow.png used on input line 5
29.
(pdftex.def)             Requested size: 234.5pt x 266.01558pt.

Overfull \hbox (5.0pt too wide) in paragraph at lines 529--530
 [][] 
 []

<Images/GeminiWaterDiagram.png, id=57, 657.2053pt x 468.24937pt>
File: Images/GeminiWaterDiagram.png Graphic file (type png)

<use Images/GeminiWaterDiagram.png>
Package pdftex.def Info: Images/GeminiWaterDiagram.png used on input line 542.
(pdftex.def)             Requested size: 187.59714pt x 133.65965pt.
 [10 <./Images/intro-atmospheric.png> <./Images/RAMC_LangmuirWaterFlow.png>]

LaTeX Warning: Reference `sec:Solutions' on page 11 undefined on input line 560
.

<Images/Kimetal_ExB_config.png, id=62, 701.62125pt x 551.05875pt>
File: Images/Kimetal_ExB_config.png Graphic file (type png)

<use Images/Kimetal_ExB_config.png>
Package pdftex.def Info: Images/Kimetal_ExB_config.png used on input line 570.
(pdftex.def)             Requested size: 211.04857pt x 165.75613pt.
 [11 <./Images/GeminiWaterDiagram.png> <./Images/Kimetal_ExB_config.png>]
Underfull \hbox (badness 1430) in paragraph at lines 582--585
\OML/cmm/m/it/10 ![]$ \OT1/cmr/m/n/10 com-ing into con-tact with a one-dimensio
nal
 []

<Images/StokesDiagram.png, id=66, 963.6pt x 722.7pt>
File: Images/StokesDiagram.png Graphic file (type png)

<use Images/StokesDiagram.png>
Package pdftex.def Info: Images/StokesDiagram.png used on input line 590.
(pdftex.def)             Requested size: 257.95143pt x 193.45541pt.

Overfull \hbox (28.45143pt too wide) in paragraph at lines 590--592
 [][] 
 []

<Images/Stokes_NumericalSim2.png, id=67, 516.93124pt x 358.33875pt>
File: Images/Stokes_NumericalSim2.png Graphic file (type png)

<use Images/Stokes_NumericalSim2.png>
Package pdftex.def Info: Images/Stokes_NumericalSim2.png used on input line 603
.
(pdftex.def)             Requested size: 234.5pt x 162.55775pt.

Overfull \hbox (5.0pt too wide) in paragraph at lines 603--605
 [][] 
 []

(./plasma_blackout.bbl
Underfull \hbox (badness 1210) in paragraph at lines 37--41
\OT1/cmr/m/n/10 Sci-en-tific Re-port 1, Col-orado State Uni-ver-
 []

[12 <./Images/StokesDiagram.png>]
Underfull \hbox (badness 1199) in paragraph at lines 67--70
\OT1/cmr/m/it/10 Prin-ci-ples of Elec-tro-mag-netism\OT1/cmr/m/n/10 .  Jones an
d
 []

[13 <./Images/Stokes_NumericalSim2.png>]
Missing character: There is no ‚ in font cmr10!
Missing character: There is no Ä in font cmr10!
Missing character: There is no ê in font cmr10!

Underfull \hbox (badness 2600) in paragraph at lines 116--119
\OT1/cmr/m/n/10 Za-kharov, ``Com-mu-ni-ca-tion through plasma
 []


Underfull \hbox (badness 2600) in paragraph at lines 121--124
\OT1/cmr/m/n/10 Za-kharov, ``Com-mu-ni-ca-tion through plasma
 []

) [14

] (./plasma_blackout.aux)

LaTeX Warning: There were undefined references.


LaTeX Warning: There were multiply-defined labels.

 ) 
Here is how much of TeX's memory you used:
 3413 strings out of 493304
 52239 string characters out of 6139870
 118048 words of memory out of 5000000
 6822 multiletter control sequences out of 15000+600000
 12000 words of font info for 43 fonts, out of 8000000 for 9000
 957 hyphenation exceptions out of 8191
 38i,8n,38p,448b,482s stack positions out of 5000i,500n,10000p,200000b,80000s
</usr/share/texlive/texmf-dist/fonts/type1/public/amsfonts/cm/cmbsy10.pfb></u
sr/share/texlive/texmf-dist/fonts/type1/public/amsfonts/cm/cmbx10.pfb></usr/sha
re/texlive/texmf-dist/fonts/type1/public/amsfonts/cm/cmbx12.pfb></usr/share/tex
live/texmf-dist/fonts/type1/public/amsfonts/cm/cmbx7.pfb></usr/share/texlive/te
xmf-dist/fonts/type1/public/amsfonts/cm/cmbx9.pfb></usr/share/texlive/texmf-dis
t/fonts/type1/public/amsfonts/cm/cmex10.pfb></usr/share/texlive/texmf-dist/font
s/type1/public/amsfonts/cm/cmmi10.pfb></usr/share/texlive/texmf-dist/fonts/type
1/public/amsfonts/cm/cmmi7.pfb></usr/share/texlive/texmf-dist/fonts/type1/publi
c/amsfonts/cm/cmr10.pfb></usr/share/texlive/texmf-dist/fonts/type1/public/amsfo
nts/cm/cmr12.pfb></usr/share/texlive/texmf-dist/fonts/type1/public/amsfonts/cm/
cmr17.pfb></usr/share/texlive/texmf-dist/fonts/type1/public/amsfonts/cm/cmr5.pf
b></usr/share/texlive/texmf-dist/fonts/type1/public/amsfonts/cm/cmr7.pfb></usr/
share/texlive/texmf-dist/fonts/type1/public/amsfonts/cm/cmr9.pfb></usr/share/te
xlive/texmf-dist/fonts/type1/public/amsfonts/cm/cmsy10.pfb></usr/share/texlive/
texmf-dist/fonts/type1/public/amsfonts/cm/cmsy7.pfb></usr/share/texlive/texmf-d
ist/fonts/type1/public/amsfonts/cm/cmsy9.pfb></usr/share/texlive/texmf-dist/fon
ts/type1/public/amsfonts/cm/cmti10.pfb>
Output written on plasma_blackout.pdf (14 pages, 1195005 bytes).
PDF statistics:
 137 PDF objects out of 1000 (max. 8388607)
 88 compressed objects within 1 object stream
 0 named destinations out of 1000 (max. 500000)
 61 words of extra memory for PDF output out of 10000 (max. 10000000)

